{"total": {"lines":{"total":128,"covered":50,"skipped":0,"pct":39.06},"statements":{"total":139,"covered":55,"skipped":0,"pct":39.57},"functions":{"total":36,"covered":15,"skipped":0,"pct":41.67},"branches":{"total":22,"covered":7,"skipped":0,"pct":31.82}}
,"/Users/kasule/Desktop/todo-web/src/AddTodo/AddTodo.js": {"lines":{"total":26,"covered":13,"skipped":0,"pct":50},"functions":{"total":7,"covered":3,"skipped":0,"pct":42.86},"statements":{"total":29,"covered":14,"skipped":0,"pct":48.28},"branches":{"total":5,"covered":1,"skipped":0,"pct":20}}
,"/Users/kasule/Desktop/todo-web/src/App/index.js": {"lines":{"total":1,"covered":1,"skipped":0,"pct":100},"functions":{"total":1,"covered":1,"skipped":0,"pct":100},"statements":{"total":1,"covered":1,"skipped":0,"pct":100},"branches":{"total":0,"covered":0,"skipped":0,"pct":100}}
,"/Users/kasule/Desktop/todo-web/src/GetTodos/GetTodos.js": {"lines":{"total":25,"covered":13,"skipped":0,"pct":52},"functions":{"total":8,"covered":3,"skipped":0,"pct":37.5},"statements":{"total":25,"covered":13,"skipped":0,"pct":52},"branches":{"total":15,"covered":6,"skipped":0,"pct":40}}
,"/Users/kasule/Desktop/todo-web/src/SelectTodos/SelectTodos.js": {"lines":{"total":14,"covered":7,"skipped":0,"pct":50},"functions":{"total":3,"covered":2,"skipped":0,"pct":66.67},"statements":{"total":14,"covered":7,"skipped":0,"pct":50},"branches":{"total":2,"covered":0,"skipped":0,"pct":0}}
,"/Users/kasule/Desktop/todo-web/src/Todo/index.js": {"lines":{"total":0,"covered":0,"skipped":0,"pct":100},"functions":{"total":0,"covered":0,"skipped":0,"pct":100},"statements":{"total":0,"covered":0,"skipped":0,"pct":100},"branches":{"total":0,"covered":0,"skipped":0,"pct":100}}
,"/Users/kasule/Desktop/todo-web/src/Todo/todoSlice.js": {"lines":{"total":62,"covered":16,"skipped":0,"pct":25.81},"functions":{"total":17,"covered":6,"skipped":0,"pct":35.29},"statements":{"total":70,"covered":20,"skipped":0,"pct":28.57},"branches":{"total":0,"covered":0,"skipped":0,"pct":100}}
,"/Users/kasule/Desktop/todo-web/src/redux/store.js": {"lines":{"total":0,"covered":0,"skipped":0,"pct":100},"functions":{"total":0,"covered":0,"skipped":0,"pct":100},"statements":{"total":0,"covered":0,"skipped":0,"pct":100},"branches":{"total":0,"covered":0,"skipped":0,"pct":100}}
}
